Determining if the pthread_create exist failed with the following output:
Change Dir: /home/petrucio/petrucior.github.io/disciplinas/robotic/codes/cpp/CMakeFiles/CMakeTmp

Run Build Command:/usr/bin/make "cmTryCompileExec869145573/fast"
/usr/bin/make -f CMakeFiles/cmTryCompileExec869145573.dir/build.make CMakeFiles/cmTryCompileExec869145573.dir/build
make[1]: Entrando no diretório `/home/petrucio/petrucior.github.io/disciplinas/robotic/codes/cpp/CMakeFiles/CMakeTmp'
/usr/bin/cmake -E cmake_progress_report /home/petrucio/petrucior.github.io/disciplinas/robotic/codes/cpp/CMakeFiles/CMakeTmp/CMakeFiles 1
Building C object CMakeFiles/cmTryCompileExec869145573.dir/CheckSymbolExists.c.o
/usr/bin/cc    -o CMakeFiles/cmTryCompileExec869145573.dir/CheckSymbolExists.c.o   -c /home/petrucio/petrucior.github.io/disciplinas/robotic/codes/cpp/CMakeFiles/CMakeTmp/CheckSymbolExists.c
Linking C executable cmTryCompileExec869145573
/usr/bin/cmake -E cmake_link_script CMakeFiles/cmTryCompileExec869145573.dir/link.txt --verbose=1
/usr/bin/cc       CMakeFiles/cmTryCompileExec869145573.dir/CheckSymbolExists.c.o  -o cmTryCompileExec869145573 -rdynamic 
CMakeFiles/cmTryCompileExec869145573.dir/CheckSymbolExists.c.o: na função `main':
CheckSymbolExists.c:(.text+0xa): referência indefinida para `pthread_create'
collect2: error: ld returned 1 exit status
make[1]: Saindo do diretório `/home/petrucio/petrucior.github.io/disciplinas/robotic/codes/cpp/CMakeFiles/CMakeTmp'
make[1]: ** [cmTryCompileExec869145573] Erro 1
make: ** [cmTryCompileExec869145573/fast] Erro 2

File /home/petrucio/petrucior.github.io/disciplinas/robotic/codes/cpp/CMakeFiles/CMakeTmp/CheckSymbolExists.c:
/* */
#include <pthread.h>

int main(int argc, char** argv)
{
  (void)argv;
#ifndef pthread_create
  return ((int*)(&pthread_create))[argc];
#else
  (void)argc;
  return 0;
#endif
}

Determining if the function pthread_create exists in the pthreads failed with the following output:
Change Dir: /home/petrucio/petrucior.github.io/disciplinas/robotic/codes/cpp/CMakeFiles/CMakeTmp

Run Build Command:/usr/bin/make "cmTryCompileExec877562593/fast"
/usr/bin/make -f CMakeFiles/cmTryCompileExec877562593.dir/build.make CMakeFiles/cmTryCompileExec877562593.dir/build
make[1]: Entrando no diretório `/home/petrucio/petrucior.github.io/disciplinas/robotic/codes/cpp/CMakeFiles/CMakeTmp'
/usr/bin/cmake -E cmake_progress_report /home/petrucio/petrucior.github.io/disciplinas/robotic/codes/cpp/CMakeFiles/CMakeTmp/CMakeFiles 1
Building C object CMakeFiles/cmTryCompileExec877562593.dir/CheckFunctionExists.c.o
/usr/bin/cc   -DCHECK_FUNCTION_EXISTS=pthread_create   -o CMakeFiles/cmTryCompileExec877562593.dir/CheckFunctionExists.c.o   -c /usr/share/cmake-2.8/Modules/CheckFunctionExists.c
Linking C executable cmTryCompileExec877562593
/usr/bin/cmake -E cmake_link_script CMakeFiles/cmTryCompileExec877562593.dir/link.txt --verbose=1
/usr/bin/cc   -DCHECK_FUNCTION_EXISTS=pthread_create    CMakeFiles/cmTryCompileExec877562593.dir/CheckFunctionExists.c.o  -o cmTryCompileExec877562593 -rdynamic -lpthreads 
/usr/bin/ld: não foi possível encontrar -lpthreads
collect2: error: ld returned 1 exit status
make[1]: Saindo do diretório `/home/petrucio/petrucior.github.io/disciplinas/robotic/codes/cpp/CMakeFiles/CMakeTmp'
make[1]: ** [cmTryCompileExec877562593] Erro 1
make: ** [cmTryCompileExec877562593/fast] Erro 2


